<?xml version="1.0" encoding="UTF-8"?>
<!-- Generated by org.testng.reporters.JUnitXMLReporter -->
<testsuite hostname="DESKTOP-D0KK09M" ignored="0" name="Amazon Web" tests="1" failures="1" timestamp="28 Apr 2021 06:50:58 GMT" time="50.932" errors="0">
  <testcase name="SearchItem" time="0.021" classname="com.qa.testscript.TestNG_AmazonWeb">
    <failure type="org.testng.internal.reflect.MethodMatcherException" message="
Data provider mismatch
Method: SearchItem([Parameter{index=0, type=java.lang.String, declaredAnnotations=[]}])
Arguments: [(java.lang.String)Books,(java.lang.String)Da Vinci Code]">
      <![CDATA[org.testng.internal.reflect.MethodMatcherException: 
Data provider mismatch
Method: SearchItem([Parameter{index=0, type=java.lang.String, declaredAnnotations=[]}])
Arguments: [(java.lang.String)Books,(java.lang.String)Da Vinci Code]
... Removed 20 stack frames]]>
    </failure>
  </testcase> <!-- SearchItem -->
</testsuite> <!-- Amazon Web -->
