<?xml version="1.0" encoding="UTF-8"?>
<!-- Generated by org.testng.reporters.JUnitXMLReporter -->
<testsuite hostname="DESKTOP-D0KK09M" ignored="0" name="Functional Testing" tests="3" failures="0" timestamp="04 May 2021 06:49:19 GMT" time="145.179" errors="0">
  <testcase name="LoginAccount" time="54.5" classname="com.qa.testscript.TestScript_Nykaa"/>
  <testcase name="SearchBox" time="2.15" classname="com.qa.testscript.TestScript_Nykaa"/>
  <testcase name="SearchBox" time="1.566" classname="com.qa.testscript.TestScript_Nykaa"/>
</testsuite> <!-- Functional Testing -->
